This mapping 'stable_20' was designed for MC 1.8.8! Use at your own peril.This mapping 'stable_20' was designed for MC 1.8.8! Use at your own peril.

WARNING: You are using an unsupported version of ForgeGradle.
Please consider upgrading to ForgeGradle 5 and helping in the efforts to get old versions working on the modern toolchain.
See https://gist.github.com/TheCurle/fe7ad3ede188cbdd15c235cc75d52d4a for more info on contributing.
:deobfCompileDummyTask
:deobfProvidedDummyTask
:sourceApiJava UP-TO-DATE
:compileApiJava UP-TO-DATE
:processApiResources UP-TO-DATE
:apiClasses UP-TO-DATE
:sourceMainJava
:compileJava
:jythonClasses
:processResources UP-TO-DATE
:classes
:jar
:sourceTestJava UP-TO-DATE
:compileTestJava UP-TO-DATE
:processTestResources UP-TO-DATE
:testClasses UP-TO-DATE
:test UP-TO-DATE
:extractMcpData SKIPPED
:extractMcpMappings SKIPPED
:getVersionJson
:extractUserdev UP-TO-DATE
:genSrgs SKIPPED
:reobfJar
:shadowJar
:reobfShadowJar
:extractRangemapReplacedMain
C:\Users\azazelos\Documents\Development Environment\notenoughprojects\notenoughprojects\build\sources\main\java
:retromapReplacedMain
remapping source...
:sourceJar
:assemble
:check UP-TO-DATE
:build

BUILD SUCCESSFUL

Total time: 3.019 secs
